0 info it worked if it ends with ok
1 verbose cli [ '/usr/local/Cellar/node/7.10.0/bin/node',
1 verbose cli   '/Users/noelwhitmore/Projects/orbis-mstock/node_modules/.bin/npm',
1 verbose cli   'run',
1 verbose cli   'cordova:link' ]
2 info using npm@2.15.12
3 info using node@v7.10.0
4 verbose run-script [ 'precordova:link', 'cordova:link', 'postcordova:link' ]
5 info precordova:link orbis-mstock@1.0.0
6 verbose unsafe-perm in lifecycle true
7 info cordova:link orbis-mstock@1.0.0
8 verbose unsafe-perm in lifecycle true
9 info orbis-mstock@1.0.0 Failed to exec cordova:link script
10 verbose stack Error: orbis-mstock@1.0.0 cordova:link: `shx cp -R dist/cordova/* cordova/www/`
10 verbose stack spawn ENOENT
10 verbose stack     at ChildProcess.<anonymous> (/Users/noelwhitmore/Projects/orbis-mstock/node_modules/npm/lib/utils/spawn.js:17:16)
10 verbose stack     at emitTwo (events.js:106:13)
10 verbose stack     at ChildProcess.emit (events.js:194:7)
10 verbose stack     at maybeClose (internal/child_process.js:899:16)
10 verbose stack     at Process.ChildProcess._handle.onexit (internal/child_process.js:226:5)
11 verbose pkgid orbis-mstock@1.0.0
12 verbose cwd /Users/noelwhitmore/Projects/orbis-mstock
13 error Darwin 16.6.0
14 error argv "/usr/local/Cellar/node/7.10.0/bin/node" "/Users/noelwhitmore/Projects/orbis-mstock/node_modules/.bin/npm" "run" "cordova:link"
15 error node v7.10.0
16 error npm  v2.15.12
17 error file sh
18 error code ELIFECYCLE
19 error errno ENOENT
20 error syscall spawn
21 error orbis-mstock@1.0.0 cordova:link: `shx cp -R dist/cordova/* cordova/www/`
21 error spawn ENOENT
22 error Failed at the orbis-mstock@1.0.0 cordova:link script 'shx cp -R dist/cordova/* cordova/www/'.
22 error This is most likely a problem with the orbis-mstock package,
22 error not with npm itself.
22 error Tell the author that this fails on your system:
22 error     shx cp -R dist/cordova/* cordova/www/
22 error You can get information on how to open an issue for this project with:
22 error     npm bugs orbis-mstock
22 error Or if that isn't available, you can get their info via:
22 error
22 error     npm owner ls orbis-mstock
22 error There is likely additional logging output above.
23 verbose exit [ 1, true ]
